
Unigraphics NX V2007 / 2D Exchange

Reading part: D:\workspace\workspace\3.20qh超高音速风洞\3D\出图专用prt\0前室整体组合_asm1_dwg1.prt


Writing part: D:\AppData\Local\Temp\Eric117435871tz9.prt

Elapsed time   :    0 minutes, 16 seconds
Actual CPU Time:    0 minutes, 16 seconds


 
	 	 Annotation Summary 
 

 
Other annotations in input Part 
-------------------------------------------------------------------------------------------------------------
Note                                           :	12
Label                                          :	1
-------------------------------------------------------------------------------------------------------------
Total                                          :	13
-------------------------------------------------------------------------------------------------------------

 

 
Other annotations in output 2D Part 
-------------------------------------------------------------------------------------------------------------
Note                                           :	12
Label                                          :	1
-------------------------------------------------------------------------------------------------------------
Total                                          :	13
-------------------------------------------------------------------------------------------------------------
INFO-
INFO-		Unigraphics Version NX V2007 to AutoCAD 2007
INFO-		
INFO-
INFO-		Running UGTODXF Translator .....
INFO-
INFO-		Start of Translation: Tue Aug 23 16:44:47 2022
INFO-
STATUS-		Converting D:\AppData\Local\Temp\Eric117435871tz9.prt
STATUS-
SUMMARY-
SUMMARY-	Summary of Unigraphics Input Entities
SUMMARY-	For Unigraphics File: D:\AppData\Local\Temp\Eric117435871tz9.prt
SUMMARY-	------------------------------------------------------------------
SUMMARY-	Entity Type					Count
SUMMARY-	------------------------------------------------------------------
SUMMARY-	Line .....................................:	4256
SUMMARY-	Point ....................................:	1
SUMMARY-	Arc ......................................:	332
SUMMARY-	Circle ...................................:	89
SUMMARY-	Conic ....................................:	360
SUMMARY-	Spline ...................................:	1316
SUMMARY-	Group ....................................:	4
SUMMARY-	Note .....................................:	12
SUMMARY-	Label ....................................:	1
SUMMARY-	Cross Hatch ..............................:	40
SUMMARY-	------------------------------------------------------------------
SUMMARY-	Total ....................................:	6411
SUMMARY-	------------------------------------------------------------------
SUMMARY-
STATUS-
INFO-
INFO-		Writing File: D:\workspace\myproj\3-python\ug2caxa\0.dxf
SUMMARY-	Summary of AutoCAD Output Entities
SUMMARY-	------------------------------------------------------------------
SUMMARY-	Entity Type					Count
SUMMARY-	------------------------------------------------------------------
SUMMARY-	Arc ......................................:	332
SUMMARY-	Circle ...................................:	89
SUMMARY-	Spline ...................................:	1344
SUMMARY-	Point ....................................:	1
SUMMARY-	Line .....................................:	5011
SUMMARY-	Ellipse ..................................:	360
SUMMARY-	Leader ...................................:	1
SUMMARY-	Solid 2D .................................:	2
SUMMARY-	Hatch ....................................:	40
SUMMARY-	Multiline Text ...........................:	181
SUMMARY-	Group ....................................:	4
SUMMARY-	Layout ...................................:	6
SUMMARY-	------------------------------------------------------------------
SUMMARY-	Total ....................................:	7374
SUMMARY-	------------------------------------------------------------------
SUMMARY-
INFO-
INFO-		End of Translation: Tue Aug 23 16:45:21 2022
INFO-		Translation CPU time: 0 m, 34 sINFO-
